android/app/build/outputs/mapping/release/seeds.txt
androidx.appcompat.R$id: int normal
androidx.appcompat.R$style: int Widget_AppCompat_Button_Small
androidx.appcompat.R$styleable: int Toolbar_contentInsetStart
androidx.appcompat.R$drawable: int abc_ic_menu_cut_mtrl_alpha
androidx.appcompat.R$dimen: int abc_action_bar_icon_vertical_padding_material
androidx.appcompat.R$styleable: int AnimatedStateListDrawableCompat_android_constantSize
androidx.appcompat.widget.AppCompatButton: int[] getAutoSizeTextAvailableSizes()
androidx.appcompat.R$styleable: int AppCompatTheme_actionBarSplitStyle
androidx.core.R$id: int accessibility_custom_action_11
androidx.appcompat.widget.ButtonBarLayout: ButtonBarLayout(android.content.Context,android.util.AttributeSet)
androidx.appcompat.R$attr: int track
androidx.appcompat.R$styleable: int StateListDrawable_android_visible
androidx.appcompat.R$style: int Theme_AppCompat_Dialog_MinWidth
androidx.appcompat.R$attr: int actionModeStyle
androidx.appcompat.R$attr: int actionBarWidgetTheme
androidx.appcompat.R$styleable: int AppCompatTheme_panelMenuListTheme
androidx.lifecycle.Lifecycle$Event: androidx.lifecycle.Lifecycle$Event[] $VALUES
androidx.appcompat.R$layout: int abc_list_menu_item_radio
androidx.appcompat.R$styleable: int MenuGroup_android_enabled
androidx.appcompat.R$color: int material_grey_100
androidx.appcompat.R$style: int Base_V21_Theme_AppCompat_Dialog
androidx.appcompat.R$styleable: int LinearLayoutCompat_Layout_android_layout_height
androidx.appcompat.R$drawable: int abc_scrubber_control_to_pressed_mtrl_000
androidx.appcompat.R$id: int search_go_btn
androidx.appcompat.R$styleable: int ActionBar_contentInsetStartWithNavigation
androidx.appcompat.R$drawable: int abc_ratingbar_small_material
androidx.appcompat.R$style: int Platform_Widget_AppCompat_Spinner
androidx.appcompat.R$styleable: int[] SearchView
androidx.appcompat.R$dimen: int abc_text_size_menu_material
androidx.appcompat.R$attr: int radioButtonStyle
androidx.appcompat.R$style: int Base_Animation_AppCompat_DropDownUp
androidx.appcompat.R$dimen: int notification_media_narrow_margin
androidx.appcompat.R$style: int Theme_AppCompat_DayNight_Dialog_Alert
androidx.appcompat.R$id: int action_bar
androidx.browser.R$dimen: int notification_subtext_size
androidx.appcompat.widget.AppCompatButton: void setCustomSelectionActionModeCallback(android.view.ActionMode$Callback)
androidx.appcompat.widget.Toolbar: java.lang.CharSequence getTitle()
androidx.appcompat.R$styleable: int DrawerArrowToggle_arrowShaftLength
androidx.appcompat.R$styleable: int AppCompatTheme_actionModeSplitBackground
androidx.appcompat.R$dimen: int abc_text_size_medium_material
androidx.appcompat.widget.AppCompatImageButton: void setBackgroundResource(int)
androidx.appcompat.R$id: int submenuarrow
androidx.appcompat.R$layout: int abc_action_mode_bar
androidx.appcompat.widget.ActionMenuView: void setPopupTheme(int)
androidx.appcompat.R$attr: int actionModeFindDrawable
androidx.appcompat.R$attr: int windowActionBarOverlay
androidx.core.R$styleable: int FontFamilyFont_fontStyle
androidx.appcompat.R$dimen: int abc_cascading_menus_min_smallest_width
androidx.appcompat.widget.Toolbar: int getContentInsetStart()
androidx.appcompat.widget.SearchView: int getPreferredWidth()
androidx.appcompat.widget.ViewStubCompat: void setLayoutInflater(android.view.LayoutInflater)
androidx.appcompat.R$attr: int tickMarkTintMode
androidx.appcompat.widget.FitWindowsLinearLayout
androidx.appcompat.R$styleable: int[] AnimatedStateListDrawableCompat
androidx.appcompat.R$style: int TextAppearance_AppCompat_Medium
androidx.appcompat.widget.Toolbar: android.content.Context getPopupContext()
androidx.appcompat.R$styleable: int DrawerArrowToggle_drawableSize
androidx.appcompat.R$id: int info
androidx.appcompat.widget.Toolbar: int getContentInsetStartWithNavigation()