android/app/build/outputs/mapping/release/mapping.txt
# compiler: R8
# compiler_version: 2.0.74
# min_api: 19
# pg_map_id: 4a22ae9
# common_typos_disable
...
androidx.fragment.app.BackStackState -> b.h.a.b:
    boolean mReorderingAllowed -> m
    java.util.ArrayList mSharedElementTargetNames -> l
    int[] mOps -> b
    java.util.ArrayList mSharedElementSourceNames -> k
    int mBreadCrumbShortTitleRes -> i
    int mIndex -> f
    int mBreadCrumbTitleRes -> g
    int mTransitionStyle -> d
    java.lang.CharSequence mBreadCrumbTitleText -> h
    int mTransition -> c
    java.lang.String mName -> e
    java.lang.CharSequence mBreadCrumbShortTitleText -> j
    androidx.fragment.app.BackStackRecord instantiate(androidx.fragment.app.FragmentManagerImpl) -> a
androidx.fragment.app.BackStackState$1 -> b.h.a.b$a:
    androidx.fragment.app.BackStackState createFromParcel(android.os.Parcel) -> a
    androidx.fragment.app.BackStackState[] newArray(int) -> b
androidx.fragment.app.Fragment -> b.h.a.c:
    boolean mRemoving -> m
    java.lang.Boolean mSavedUserVisibleHint -> e
    boolean mHiddenChanged -> P
    android.os.Bundle mSavedFragmentState -> c
    boolean mDeferStart -> L
    boolean mPerformedCreateView -> q
    androidx.fragment.app.Fragment mParentFragment -> x
    android.view.View mView -> J
    androidx.fragment.app.FragmentManagerImpl mChildFragmentManager -> u
    int mFragmentId -> y
    androidx.lifecycle.LifecycleRegistry mLifecycleRegistry -> T
    boolean mMenuVisible -> G
    boolean mDetached -> C
    boolean mUserVisibleHint -> M
    boolean mFromLayout -> n
    java.lang.Object USE_DEFAULT_TRANSITION -> Y
    int mContainerId -> z
    androidx.lifecycle.LifecycleRegistry mViewLifecycleRegistry -> U
    boolean mCalled -> H
    int mBackStackNesting -> r
    boolean mRetainInstance -> D
    boolean mInLayout -> o
    androidx.fragment.app.Fragment mTarget -> i
    androidx.fragment.app.Fragment$AnimationInfo mAnimationInfo -> N
    int mTargetIndex -> j
    int mIndex -> f
    int mState -> b
    androidx.fragment.app.FragmentHostCallback mHost -> t
    androidx.lifecycle.MutableLiveData mViewLifecycleOwnerLiveData -> W
    androidx.fragment.app.FragmentManagerImpl mFragmentManager -> s
    android.util.SparseArray mSavedViewState -> d
    androidx.lifecycle.ViewModelStore mViewModelStore -> w
    boolean mRetaining -> E
    androidx.fragment.app.FragmentManagerNonConfig mChildNonConfig -> v
androidx.fragment.app.Fragment$1 -> b.h.a.c$a:
    androidx.fragment.app.Fragment this$0 -> b
androidx.fragment.app.Fragment$2 -> b.h.a.c$b:
    androidx.fragment.app.Fragment this$0 -> a
    androidx.fragment.app.Fragment instantiate(android.content.Context,java.lang.String,android.os.Bundle) -> a
    android.view.View onFindViewById(int) -> b
    boolean onHasView() -> c
androidx.fragment.app.Fragment$3 -> b.h.a.c$c:
    androidx.fragment.app.Fragment this$0 -> b
    androidx.lifecycle.Lifecycle getLifecycle() -> a
androidx.fragment.app.Fragment$AnimationInfo -> b.h.a.c$d:
    java.lang.Object mReenterTransition -> j
    java.lang.Object mSharedElementEnterTransition -> k
    java.lang.Object mReturnTransition -> h
    java.lang.Object mExitTransition -> i
    androidx.core.app.SharedElementCallback mEnterTransitionCallback -> o
    java.lang.Object mEnterTransition -> g
    androidx.core.app.SharedElementCallback mExitTransitionCallback -> p
    int mNextTransitionStyle -> f
    int mNextAnim -> d
    java.lang.Boolean mAllowReturnTransitionOverlap -> m
    int mNextTransition -> e
    java.lang.Boolean mAllowEnterTransitionOverlap -> n
    boolean mEnterTransitionPostponed -> q
    int mStateAfterAnimating -> c
    java.lang.Object mSharedElementReturnTransition -> l
    boolean mIsHideReplaced -> s
    androidx.fragment.app.Fragment$OnStartEnterTransitionListener mStartEnterTransitionListener -> r
    android.animation.Animator mAnimator -> b
    android.view.View mAnimatingAway -> a
androidx.fragment.app.Fragment$InstantiationException -> b.h.a.c$e: