android/app/build/outputs/mapping/release/usage.txt
androidx.lifecycle.Transformations$2$1
androidx.viewpager.widget.PagerTitleStrip$PageListener
androidx.appcompat.app.ActionBar$DisplayOptions
androidx.appcompat.widget.ActionMenuPresenter$SavedState$1
androidx.appcompat.widget.ActivityChooserModel$ActivityResolveInfo
androidx.browser.trusted.PackageIdentityUtils:
    private void <init>()
    private static final java.lang.String TAG
androidx.swiperefreshlayout.widget.SwipeRefreshLayout$OnRefreshListener
androidx.annotation.RequiresFeature
androidx.core.os.ParcelCompat
androidx.swiperefreshlayout.R$integer
androidx.annotation.Px
androidx.legacy.app.ActionBarDrawerToggle$SlideDrawable
androidx.customview.widget.ViewDragHelper$Callback
androidx.appcompat.widget.AppCompatImageButton:
    public void <init>(android.content.Context)
androidx.vectordrawable.R$color
androidx.core.R$id:
    private void <init>()
androidx.appcompat.text.AllCapsTransformationMethod
androidx.viewpager.widget.PagerTabStrip$1
androidx.core.provider.FontsContractCompat$4$8
androidx.core.content.PermissionChecker$PermissionResult
androidx.core.app.ActivityCompat$SharedElementCallback21Impl$1
androidx.customview.R$drawable
androidx.core.app.NotificationManagerCompat$Task
androidx.core.os.ConfigurationCompat
androidx.core.util.Supplier
androidx.core.view.WindowCompat
androidx.appcompat.app.ActionBarDrawerToggle$FrameworkActionBarDelegate
androidx.appcompat.widget.ActionMenuPresenter$SavedState
androidx.legacy.app.ActionBarDrawerToggle
androidx.fragment.R
androidx.annotation.StringRes
androidx.asynclayoutinflater.R
androidx.core.app.NotificationManagerCompat$ServiceConnectedEvent
androidx.appcompat.app.ActionBar$OnNavigationListener
androidx.core.content.SharedPreferencesCompat$EditorCompat$Helper
androidx.core.view.inputmethod.InputConnectionCompat$2
androidx.core.view.DragStartHelper$1
androidx.core.view.accessibility.AccessibilityManagerCompat$AccessibilityStateChangeListenerWrapper
androidx.core.app.JobIntentService$WorkEnqueuer
androidx.appcompat.app.ToolbarActionBar:
    void <init>(androidx.appcompat.widget.Toolbar,java.lang.CharSequence,android.view.Window$Callback)
    private android.view.Menu getMenu()
    public android.view.Window$Callback getWrappedWindowCallback()
    public void setCustomView(android.view.View)
    public void setCustomView(android.view.View,androidx.appcompat.app.ActionBar$LayoutParams)
    public void setCustomView(int)
    public void setIcon(int)
    public void setIcon(android.graphics.drawable.Drawable)
    public void setLogo(int)
    public void setLogo(android.graphics.drawable.Drawable)
    public void setStackedBackgroundDrawable(android.graphics.drawable.Drawable)
    public void setSplitBackgroundDrawable(android.graphics.drawable.Drawable)
    public void setHomeButtonEnabled(boolean)
    public void setElevation(float)
    public float getElevation()
    public android.content.Context getThemedContext()
    public boolean isTitleTruncated()
    public void setHomeAsUpIndicator(android.graphics.drawable.Drawable)
    public void setHomeAsUpIndicator(int)
    public void setHomeActionContentDescription(java.lang.CharSequence)
    public void setDefaultDisplayHomeAsUpEnabled(boolean)
    public void setHomeActionContentDescription(int)
    public void setShowHideAnimationEnabled(boolean)
    public void onConfigurationChanged(android.content.res.Configuration)
androidx.core.hardware.fingerprint.FingerprintManagerCompat$AuthenticationResult
androidx.fragment.app.Fragment$SavedState
androidx.appcompat.app.ToolbarActionBar$ActionMenuPresenterCallback
androidx.slidingpanelayout.widget.SlidingPaneLayout$PanelSlideListener
androidx.vectordrawable.R$id
androidx.appcompat.widget.SearchView:
    public boolean isIconfiedByDefault()
    public boolean isSubmitButtonEnabled()
    public boolean isQueryRefinementEnabled()
    static final boolean DBG
    static final java.lang.String LOG_TAG
    private static final java.lang.String IME_OPTION_NO_MICROPHONE